# JRE version: Java(TM) SE Runtime Environment (8.0_181-b13) (build 1.8.0_181-b13)
# Java VM: Java HotSpot(TM) Client VM (25.181-b13 mixed mode windows-x86 )
Heap:
 def new generation   total 60032K, used 20168K [0x04e00000, 0x08f20000, 0x0a350000)
  eden space 53376K,  31% used [0x04e00000, 0x05e48600, 0x08220000)
  from space 6656K,  52% used [0x08220000, 0x08589c08, 0x088a0000)
  to   space 6656K,   0% used [0x088a0000, 0x088a0000, 0x08f20000)
 tenured generation   total 133268K, used 84071K [0x0a350000, 0x12575000, 0x14e00000)
   the space 133268K,  63% used [0x0a350000, 0x0f569e18, 0x0f56a000, 0x12575000)
 Metaspace       used 23194K, capacity 24044K, committed 24192K, reserved 24960K
GC Heap History (10 events):
Event: 328.115 GC heap before
{Heap before GC invocations=248 (full 9):
 def new generation   total 60032K, used 55020K [0x04e00000, 0x08f20000, 0x0a350000)
  eden space 53376K, 100% used [0x04e00000, 0x08220000, 0x08220000)
  from space 6656K,  24% used [0x088a0000, 0x08a3b2c8, 0x08f20000)
  to   space 6656K,   0% used [0x08220000, 0x08220000, 0x088a0000)
 tenured generation   total 133268K, used 84071K [0x0a350000, 0x12575000, 0x14e00000)
   the space 133268K,  63% used [0x0a350000, 0x0f569e18, 0x0f56a000, 0x12575000)
 Metaspace       used 23067K, capacity 23914K, committed 24064K, reserved 24960K
Event: 328.119 GC heap after
Heap after GC invocations=249 (full 9):
 def new generation   total 60032K, used 1643K [0x04e00000, 0x08f20000, 0x0a350000)
  eden space 53376K,   0% used [0x04e00000, 0x04e00000, 0x08220000)
  from space 6656K,  24% used [0x08220000, 0x083bad30, 0x088a0000)
  to   space 6656K,   0% used [0x088a0000, 0x088a0000, 0x08f20000)
 tenured generation   total 133268K, used 84071K [0x0a350000, 0x12575000, 0x14e00000)
   the space 133268K,  63% used [0x0a350000, 0x0f569e18, 0x0f56a000, 0x12575000)
 Metaspace       used 23067K, capacity 23914K, committed 24064K, reserved 24960K
}
Event: 328.235 GC heap before
{Heap before GC invocations=249 (full 9):
 def new generation   total 60032K, used 55019K [0x04e00000, 0x08f20000, 0x0a350000)
  eden space 53376K, 100% used [0x04e00000, 0x08220000, 0x08220000)
  from space 6656K,  24% used [0x08220000, 0x083bad30, 0x088a0000)
  to   space 6656K,   0% used [0x088a0000, 0x088a0000, 0x08f20000)
 tenured generation   total 133268K, used 84071K [0x0a350000, 0x12575000, 0x14e00000)
   the space 133268K,  63% used [0x0a350000, 0x0f569e18, 0x0f56a000, 0x12575000)
 Metaspace       used 23067K, capacity 23914K, committed 24064K, reserved 24960K
Event: 328.239 GC heap after
Heap after GC invocations=250 (full 9):
 def new generation   total 60032K, used 1645K [0x04e00000, 0x08f20000, 0x0a350000)
  eden space 53376K,   0% used [0x04e00000, 0x04e00000, 0x08220000)
  from space 6656K,  24% used [0x088a0000, 0x08a3b4a8, 0x08f20000)
  to   space 6656K,   0% used [0x08220000, 0x08220000, 0x088a0000)
 tenured generation   total 133268K, used 84071K [0x0a350000, 0x12575000, 0x14e00000)
   the space 133268K,  63% used [0x0a350000, 0x0f569e18, 0x0f56a000, 0x12575000)
 Metaspace       used 23067K, capacity 23914K, committed 24064K, reserved 24960K
}
Event: 328.961 GC heap before
{Heap before GC invocations=250 (full 9):
 def new generation   total 60032K, used 55021K [0x04e00000, 0x08f20000, 0x0a350000)
  eden space 53376K, 100% used [0x04e00000, 0x08220000, 0x08220000)
  from space 6656K,  24% used [0x088a0000, 0x08a3b4a8, 0x08f20000)
  to   space 6656K,   0% used [0x08220000, 0x08220000, 0x088a0000)
 tenured generation   total 133268K, used 84071K [0x0a350000, 0x12575000, 0x14e00000)
   the space 133268K,  63% used [0x0a350000, 0x0f569e18, 0x0f56a000, 0x12575000)
 Metaspace       used 23067K, capacity 23914K, committed 24064K, reserved 24960K
Event: 328.966 GC heap after
Heap after GC invocations=251 (full 9):
 def new generation   total 60032K, used 1670K [0x04e00000, 0x08f20000, 0x0a350000)
  eden space 53376K,   0% used [0x04e00000, 0x04e00000, 0x08220000)
  from space 6656K,  25% used [0x08220000, 0x083c1bb8, 0x088a0000)
  to   space 6656K,   0% used [0x088a0000, 0x088a0000, 0x08f20000)
 tenured generation   total 133268K, used 84071K [0x0a350000, 0x12575000, 0x14e00000)
   the space 133268K,  63% used [0x0a350000, 0x0f569e18, 0x0f56a000, 0x12575000)
 Metaspace       used 23067K, capacity 23914K, committed 24064K, reserved 24960K
}
Event: 329.081 GC heap before
{Heap before GC invocations=251 (full 9):
 def new generation   total 60032K, used 55046K [0x04e00000, 0x08f20000, 0x0a350000)
  eden space 53376K, 100% used [0x04e00000, 0x08220000, 0x08220000)
  from space 6656K,  25% used [0x08220000, 0x083c1bb8, 0x088a0000)
  to   space 6656K,   0% used [0x088a0000, 0x088a0000, 0x08f20000)
 tenured generation   total 133268K, used 84071K [0x0a350000, 0x12575000, 0x14e00000)
   the space 133268K,  63% used [0x0a350000, 0x0f569e18, 0x0f56a000, 0x12575000)
 Metaspace       used 23067K, capacity 23914K, committed 24064K, reserved 24960K
Event: 329.086 GC heap after
Heap after GC invocations=252 (full 9):
 def new generation   total 60032K, used 1662K [0x04e00000, 0x08f20000, 0x0a350000)
  eden space 53376K,   0% used [0x04e00000, 0x04e00000, 0x08220000)
  from space 6656K,  24% used [0x088a0000, 0x08a3fb00, 0x08f20000)
  to   space 6656K,   0% used [0x08220000, 0x08220000, 0x088a0000)
 tenured generation   total 133268K, used 84071K [0x0a350000, 0x12575000, 0x14e00000)
   the space 133268K,  63% used [0x0a350000, 0x0f569e18, 0x0f56a000, 0x12575000)
 Metaspace       used 23067K, capacity 23914K, committed 24064K, reserved 24960K
}
Event: 362.068 GC heap before
{Heap before GC invocations=252 (full 9):
 def new generation   total 60032K, used 55038K [0x04e00000, 0x08f20000, 0x0a350000)
  eden space 53376K, 100% used [0x04e00000, 0x08220000, 0x08220000)
  from space 6656K,  24% used [0x088a0000, 0x08a3fb00, 0x08f20000)
  to   space 6656K,   0% used [0x08220000, 0x08220000, 0x088a0000)
 tenured generation   total 133268K, used 84071K [0x0a350000, 0x12575000, 0x14e00000)
   the space 133268K,  63% used [0x0a350000, 0x0f569e18, 0x0f56a000, 0x12575000)
 Metaspace       used 23159K, capacity 24012K, committed 24192K, reserved 24960K
Event: 362.074 GC heap after
Heap after GC invocations=253 (full 9):
 def new generation   total 60032K, used 3495K [0x04e00000, 0x08f20000, 0x0a350000)
  eden space 53376K,   0% used [0x04e00000, 0x04e00000, 0x08220000)
  from space 6656K,  52% used [0x08220000, 0x08589c08, 0x088a0000)
  to   space 6656K,   0% used [0x088a0000, 0x088a0000, 0x08f20000)
 tenured generation   total 133268K, used 84071K [0x0a350000, 0x12575000, 0x14e00000)
   the space 133268K,  63% used [0x0a350000, 0x0f569e18, 0x0f56a000, 0x12575000)
 Metaspace       used 23159K, capacity 24012K, committed 24192K, reserved 24960K
}

